        -:    0:Source:dominion.c
        -:    0:Graph:dominion.gcno
        -:    0:Data:dominion.gcda
        -:    0:Runs:10
        -:    0:Programs:6
        -:    1:#include "dominion.h"
        -:    2:#include "dominion_helpers.h"
        -:    3:#include "rngs.h"
        -:    4:#include <stdio.h>
        -:    5:#include <math.h>
        -:    6:#include <stdlib.h>
        -:    7:
function compare called 300 returned 100% blocks executed 83%
      300:    8:int compare(const void* a, const void* b) {
      300:    9:    if (*(int*)a > *(int*)b)
branch  0 taken 0% (fallthrough)
branch  1 taken 100%
    #####:   10:        return 1;
      300:   11:    if (*(int*)a < *(int*)b)
branch  0 taken 27% (fallthrough)
branch  1 taken 73%
       80:   12:        return -1;
      220:   13:    return 0;
        -:   14:}
        -:   15:
function newGame called 0 returned 0% blocks executed 0%
    #####:   16:struct gameState* newGame() {
    #####:   17:    struct gameState* g = malloc(sizeof(struct gameState));
    #####:   18:    return g;
        -:   19:}
        -:   20:
function kingdomCards called 0 returned 0% blocks executed 0%
    #####:   21:int* kingdomCards(int k1, int k2, int k3, int k4, int k5, int k6, int k7,
        -:   22:                  int k8, int k9, int k10) {
    #####:   23:    int* k = malloc(10 * sizeof(int));
    #####:   24:    k[0] = k1;
    #####:   25:    k[1] = k2;
    #####:   26:    k[2] = k3;
    #####:   27:    k[3] = k4;
    #####:   28:    k[4] = k5;
    #####:   29:    k[5] = k6;
    #####:   30:    k[6] = k7;
    #####:   31:    k[7] = k8;
    #####:   32:    k[8] = k9;
    #####:   33:    k[9] = k10;
    #####:   34:    return k;
        -:   35:}
        -:   36:
function initializeGame called 10 returned 100% blocks executed 88%
       10:   37:int initializeGame(int numPlayers, int kingdomCards[10], int randomSeed,
        -:   38:                   struct gameState *state) {
        -:   39:    int i;
        -:   40:    int j;
        -:   41:    int it;
        -:   42:
        -:   43:    //set up random number generator
       10:   44:    SelectStream(1);
call    0 returned 100%
       10:   45:    PutSeed((long)randomSeed);
call    0 returned 100%
        -:   46:
        -:   47:    //check number of players
       10:   48:    if (numPlayers > MAX_PLAYERS || numPlayers < 2)
branch  0 taken 100% (fallthrough)
branch  1 taken 0%
branch  2 taken 0% (fallthrough)
branch  3 taken 100%
        -:   49:    {
    #####:   50:        return -1;
        -:   51:    }
        -:   52:
        -:   53:    //set number of players
       10:   54:    state->numPlayers = numPlayers;
        -:   55:
        -:   56:    //check selected kingdom cards are different
      110:   57:    for (i = 0; i < 10; i++)
branch  0 taken 91%
branch  1 taken 9% (fallthrough)
        -:   58:    {
     1100:   59:        for (j = 0; j < 10; j++)
branch  0 taken 91%
branch  1 taken 9% (fallthrough)
        -:   60:        {
     1000:   61:            if (j != i && kingdomCards[j] == kingdomCards[i])
branch  0 taken 90% (fallthrough)
branch  1 taken 10%
branch  2 taken 0% (fallthrough)
branch  3 taken 100%
        -:   62:            {
    #####:   63:                return -1;
        -:   64:            }
        -:   65:        }
        -:   66:    }
        -:   67:
        -:   68:
        -:   69:    //initialize supply
        -:   70:    ///////////////////////////////
        -:   71:
        -:   72:    //set number of Curse cards
       10:   73:    if (numPlayers == 2)
branch  0 taken 100% (fallthrough)
branch  1 taken 0%
        -:   74:    {
       10:   75:        state->supplyCount[curse] = 10;
        -:   76:    }
    #####:   77:    else if (numPlayers == 3)
branch  0 never executed
branch  1 never executed
        -:   78:    {
    #####:   79:        state->supplyCount[curse] = 20;
        -:   80:    }
        -:   81:    else
        -:   82:    {
    #####:   83:        state->supplyCount[curse] = 30;
        -:   84:    }
        -:   85:
        -:   86:    //set number of Victory cards
       10:   87:    if (numPlayers == 2)
branch  0 taken 100% (fallthrough)
branch  1 taken 0%
        -:   88:    {
       10:   89:        state->supplyCount[estate] = 8;
       10:   90:        state->supplyCount[duchy] = 8;
       10:   91:        state->supplyCount[province] = 8;
        -:   92:    }
        -:   93:    else
        -:   94:    {
    #####:   95:        state->supplyCount[estate] = 12;
    #####:   96:        state->supplyCount[duchy] = 12;
    #####:   97:        state->supplyCount[province] = 12;
        -:   98:    }
        -:   99:
        -:  100:    //set number of Treasure cards
       10:  101:    state->supplyCount[copper] = 60 - (7 * numPlayers);
       10:  102:    state->supplyCount[silver] = 40;
       10:  103:    state->supplyCount[gold] = 30;
        -:  104:
        -:  105:    //set number of Kingdom cards
      210:  106:    for (i = adventurer; i <= treasure_map; i++)       	//loop all cards
branch  0 taken 95%
branch  1 taken 5% (fallthrough)
        -:  107:    {
     1650:  108:        for (j = 0; j < 10; j++)           		//loop chosen cards
branch  0 taken 94%
branch  1 taken 6% (fallthrough)
        -:  109:        {
     1550:  110:            if (kingdomCards[j] == i)
branch  0 taken 6% (fallthrough)
branch  1 taken 94%
        -:  111:            {
        -:  112:                //check if card is a 'Victory' Kingdom card
      100:  113:                if (kingdomCards[j] == great_hall || kingdomCards[j] == gardens)
branch  0 taken 90% (fallthrough)
branch  1 taken 10%
branch  2 taken 11% (fallthrough)
branch  3 taken 89%
        -:  114:                {
       40:  115:                    if (numPlayers == 2) {
branch  0 taken 100% (fallthrough)
branch  1 taken 0%
       20:  116:                        state->supplyCount[i] = 8;
        -:  117:                    }
        -:  118:                    else {
    #####:  119:                        state->supplyCount[i] = 12;
        -:  120:                    }
        -:  121:                }
        -:  122:                else
        -:  123:                {
       80:  124:                    state->supplyCount[i] = 10;
        -:  125:                }
      100:  126:                break;
        -:  127:            }
        -:  128:            else    //card is not in the set choosen for the game
        -:  129:            {
     1450:  130:                state->supplyCount[i] = -1;
        -:  131:            }
        -:  132:        }
        -:  133:
        -:  134:    }
        -:  135:
        -:  136:    ////////////////////////
        -:  137:    //supply intilization complete
        -:  138:
        -:  139:    //set player decks
       30:  140:    for (i = 0; i < numPlayers; i++)
branch  0 taken 67%
branch  1 taken 33% (fallthrough)
        -:  141:    {
       20:  142:        state->deckCount[i] = 0;
       80:  143:        for (j = 0; j < 3; j++)
branch  0 taken 75%
branch  1 taken 25% (fallthrough)
        -:  144:        {
       60:  145:            state->deck[i][j] = estate;
       60:  146:            state->deckCount[i]++;
        -:  147:        }
      160:  148:        for (j = 3; j < 10; j++)
branch  0 taken 88%
branch  1 taken 13% (fallthrough)
        -:  149:        {
      140:  150:            state->deck[i][j] = copper;
      140:  151:            state->deckCount[i]++;
        -:  152:        }
        -:  153:    }
        -:  154:
        -:  155:    //shuffle player decks
       30:  156:    for (i = 0; i < numPlayers; i++)
branch  0 taken 67%
branch  1 taken 33% (fallthrough)
        -:  157:    {
       20:  158:        if ( shuffle(i, state) < 0 )
call    0 returned 100%
branch  1 taken 0% (fallthrough)
branch  2 taken 100%
        -:  159:        {
    #####:  160:            return -1;
        -:  161:        }
        -:  162:    }
        -:  163:
        -:  164:    //draw player hands
       30:  165:    for (i = 0; i < numPlayers; i++)
branch  0 taken 67%
branch  1 taken 33% (fallthrough)
        -:  166:    {
        -:  167:        //initialize hand size to zero
       20:  168:        state->handCount[i] = 0;
       20:  169:        state->discardCount[i] = 0;
        -:  170:        //draw 5 cards
        -:  171:        // for (j = 0; j < 5; j++)
        -:  172:        //	{
        -:  173:        //	  drawCard(i, state);
        -:  174:        //	}
        -:  175:    }
        -:  176:
        -:  177:    //set embargo tokens to 0 for all supply piles
      280:  178:    for (i = 0; i <= treasure_map; i++)
branch  0 taken 96%
branch  1 taken 4% (fallthrough)
        -:  179:    {
      270:  180:        state->embargoTokens[i] = 0;
        -:  181:    }
        -:  182:
        -:  183:    //initialize first player's turn
       10:  184:    state->outpostPlayed = 0;
       10:  185:    state->phase = 0;
       10:  186:    state->numActions = 1;
       10:  187:    state->numBuys = 1;
       10:  188:    state->playedCardCount = 0;
       10:  189:    state->whoseTurn = 0;
       10:  190:    state->handCount[state->whoseTurn] = 0;
        -:  191:    //int it; move to top
        -:  192:
        -:  193:    //Moved draw cards to here, only drawing at the start of a turn
       60:  194:    for (it = 0; it < 5; it++) {
branch  0 taken 83%
branch  1 taken 17% (fallthrough)
       50:  195:        drawCard(state->whoseTurn, state);
call    0 returned 100%
        -:  196:    }
        -:  197:
       10:  198:    updateCoins(state->whoseTurn, state, 0);
call    0 returned 100%
        -:  199:
       10:  200:    return 0;
        -:  201:}
        -:  202:
function shuffle called 20 returned 100% blocks executed 94%
       20:  203:int shuffle(int player, struct gameState *state) {
        -:  204:
        -:  205:
        -:  206:    int newDeck[MAX_DECK];
       20:  207:    int newDeckPos = 0;
        -:  208:    int card;
        -:  209:    int i;
        -:  210:
       20:  211:    if (state->deckCount[player] < 1)
branch  0 taken 0% (fallthrough)
branch  1 taken 100%
    #####:  212:        return -1;
       20:  213:    qsort ((void*)(state->deck[player]), state->deckCount[player], sizeof(int), compare);
call    0 returned 100%
        -:  214:    /* SORT CARDS IN DECK TO ENSURE DETERMINISM! */
        -:  215:
      240:  216:    while (state->deckCount[player] > 0) {
branch  0 taken 91%
branch  1 taken 9% (fallthrough)
      200:  217:        card = floor(Random() * state->deckCount[player]);
call    0 returned 100%
      200:  218:        newDeck[newDeckPos] = state->deck[player][card];
      200:  219:        newDeckPos++;
      550:  220:        for (i = card; i < state->deckCount[player]-1; i++) {
branch  0 taken 64%
branch  1 taken 36% (fallthrough)
      350:  221:            state->deck[player][i] = state->deck[player][i+1];
        -:  222:        }
      200:  223:        state->deckCount[player]--;
        -:  224:    }
      220:  225:    for (i = 0; i < newDeckPos; i++) {
branch  0 taken 91%
branch  1 taken 9% (fallthrough)
      200:  226:        state->deck[player][i] = newDeck[i];
      200:  227:        state->deckCount[player]++;
        -:  228:    }
        -:  229:
       20:  230:    return 0;
        -:  231:}
        -:  232:
function playCard called 0 returned 0% blocks executed 0%
    #####:  233:int playCard(int handPos, int choice1, int choice2, int choice3, struct gameState *state)
        -:  234:{
        -:  235:    int card;
    #####:  236:    int coin_bonus = 0; 		//tracks coins gain from actions
        -:  237:
        -:  238:    //check if it is the right phase
    #####:  239:    if (state->phase != 0)
branch  0 never executed
branch  1 never executed
        -:  240:    {
    #####:  241:        return -1;
        -:  242:    }
        -:  243:
        -:  244:    //check if player has enough actions
    #####:  245:    if ( state->numActions < 1 )
branch  0 never executed
branch  1 never executed
        -:  246:    {
    #####:  247:        return -1;
        -:  248:    }
        -:  249:
        -:  250:    //get card played
    #####:  251:    card = handCard(handPos, state);
call    0 never executed
        -:  252:
        -:  253:    //check if selected card is an action
    #####:  254:    if ( card < adventurer || card > treasure_map )
branch  0 never executed
branch  1 never executed
branch  2 never executed
branch  3 never executed
        -:  255:    {
    #####:  256:        return -1;
        -:  257:    }
        -:  258:
        -:  259:    //play card
    #####:  260:    if ( cardEffect(card, choice1, choice2, choice3, state, handPos, &coin_bonus) < 0 )
call    0 never executed
branch  1 never executed
branch  2 never executed
        -:  261:    {
    #####:  262:        return -1;
        -:  263:    }
        -:  264:
        -:  265:    //reduce number of actions
    #####:  266:    state->numActions--;
        -:  267:
        -:  268:    //update coins (Treasure cards may be added with card draws)
    #####:  269:    updateCoins(state->whoseTurn, state, coin_bonus);
call    0 never executed
        -:  270:
    #####:  271:    return 0;
        -:  272:}
        -:  273:
function buyCard called 0 returned 0% blocks executed 0%
    #####:  274:int buyCard(int supplyPos, struct gameState *state) {
        -:  275:    int who;
        -:  276:    if (DEBUG) {
        -:  277:        printf("Entering buyCard...\n");
        -:  278:    }
        -:  279:
        -:  280:    // I don't know what to do about the phase thing.
        -:  281:
    #####:  282:    who = state->whoseTurn;
        -:  283:
    #####:  284:    if (state->numBuys < 1) {
branch  0 never executed
branch  1 never executed
        -:  285:        if (DEBUG)
        -:  286:            printf("You do not have any buys left\n");
    #####:  287:        return -1;
    #####:  288:    } else if (supplyCount(supplyPos, state) <1) {
call    0 never executed
branch  1 never executed
branch  2 never executed
        -:  289:        if (DEBUG)
        -:  290:            printf("There are not any of that type of card left\n");
    #####:  291:        return -1;
    #####:  292:    } else if (state->coins < getCost(supplyPos)) {
call    0 never executed
branch  1 never executed
branch  2 never executed
        -:  293:        if (DEBUG)
        -:  294:            printf("You do not have enough money to buy that. You have %d coins.\n", state->coins);
    #####:  295:        return -1;
        -:  296:    } else {
    #####:  297:        state->phase=1;
        -:  298:        //state->supplyCount[supplyPos]--;
    #####:  299:        gainCard(supplyPos, state, 0, who); //card goes in discard, this might be wrong.. (2 means goes into hand, 0 goes into discard)
call    0 never executed
        -:  300:
    #####:  301:        state->coins = (state->coins) - (getCost(supplyPos));
call    0 never executed
    #####:  302:        state->numBuys--;
        -:  303:        if (DEBUG)
        -:  304:            printf("You bought card number %d for %d coins. You now have %d buys and %d coins.\n", supplyPos, getCost(supplyPos), state->numBuys, state->coins);
        -:  305:    }
        -:  306:
        -:  307:    //state->discard[who][state->discardCount[who]] = supplyPos;
        -:  308:    //state->discardCount[who]++;
        -:  309:
    #####:  310:    return 0;
        -:  311:}
        -:  312:
function numHandCards called 20 returned 100% blocks executed 100%
       20:  313:int numHandCards(struct gameState *state) {
       20:  314:    return state->handCount[ whoseTurn(state) ];
call    0 returned 100%
        -:  315:}
        -:  316:
function handCard called 0 returned 0% blocks executed 0%
    #####:  317:int handCard(int handPos, struct gameState *state) {
    #####:  318:    int currentPlayer = whoseTurn(state);
call    0 never executed
    #####:  319:    return state->hand[currentPlayer][handPos];
        -:  320:}
        -:  321:
function supplyCount called 14 returned 100% blocks executed 100%
       14:  322:int supplyCount(int card, struct gameState *state) {
       14:  323:    return state->supplyCount[card];
        -:  324:}
        -:  325:
function fullDeckCount called 0 returned 0% blocks executed 0%
    #####:  326:int fullDeckCount(int player, int card, struct gameState *state) {
        -:  327:    int i;
    #####:  328:    int count = 0;
        -:  329:
    #####:  330:    for (i = 0; i < state->deckCount[player]; i++)
branch  0 never executed
branch  1 never executed
        -:  331:    {
    #####:  332:        if (state->deck[player][i] == card) count++;
branch  0 never executed
branch  1 never executed
        -:  333:    }
        -:  334:
    #####:  335:    for (i = 0; i < state->handCount[player]; i++)
branch  0 never executed
branch  1 never executed
        -:  336:    {
    #####:  337:        if (state->hand[player][i] == card) count++;
branch  0 never executed
branch  1 never executed
        -:  338:    }
        -:  339:
    #####:  340:    for (i = 0; i < state->discardCount[player]; i++)
branch  0 never executed
branch  1 never executed
        -:  341:    {
    #####:  342:        if (state->discard[player][i] == card) count++;
branch  0 never executed
branch  1 never executed
        -:  343:    }
        -:  344:
    #####:  345:    return count;
        -:  346:}
        -:  347:
function whoseTurn called 20 returned 100% blocks executed 100%
       20:  348:int whoseTurn(struct gameState *state) {
       20:  349:    return state->whoseTurn;
        -:  350:}
        -:  351:
function endTurn called 0 returned 0% blocks executed 0%
    #####:  352:int endTurn(struct gameState *state) {
        -:  353:    int k;
        -:  354:    int i;
    #####:  355:    int currentPlayer = whoseTurn(state);
call    0 never executed
        -:  356:
        -:  357:    //Discard hand
    #####:  358:    for (i = 0; i < state->handCount[currentPlayer]; i++) {
branch  0 never executed
branch  1 never executed
    #####:  359:        state->discard[currentPlayer][state->discardCount[currentPlayer]++] = state->hand[currentPlayer][i];//Discard
    #####:  360:        state->hand[currentPlayer][i] = -1;//Set card to -1
        -:  361:    }
    #####:  362:    state->handCount[currentPlayer] = 0;//Reset hand count
        -:  363:
        -:  364:    //Code for determining the player
    #####:  365:    if (currentPlayer < (state->numPlayers - 1)) {
branch  0 never executed
branch  1 never executed
    #####:  366:        state->whoseTurn = currentPlayer + 1;//Still safe to increment
        -:  367:    }
        -:  368:    else {
    #####:  369:        state->whoseTurn = 0;//Max player has been reached, loop back around to player 1
        -:  370:    }
        -:  371:
    #####:  372:    state->outpostPlayed = 0;
    #####:  373:    state->phase = 0;
    #####:  374:    state->numActions = 1;
    #####:  375:    state->coins = 0;
    #####:  376:    state->numBuys = 1;
    #####:  377:    state->playedCardCount = 0;
    #####:  378:    state->handCount[state->whoseTurn] = 0;
        -:  379:
        -:  380:    //int k; move to top
        -:  381:    //Next player draws hand
    #####:  382:    for (k = 0; k < 5; k++) {
branch  0 never executed
branch  1 never executed
    #####:  383:        drawCard(state->whoseTurn, state);//Draw a card
call    0 never executed
        -:  384:    }
        -:  385:
        -:  386:    //Update money
    #####:  387:    updateCoins(state->whoseTurn, state, 0);
call    0 never executed
        -:  388:
    #####:  389:    return 0;
        -:  390:}
        -:  391:
function isGameOver called 2 returned 100% blocks executed 82%
        2:  392:int isGameOver(struct gameState *state) {
        -:  393:    int i;
        -:  394:    int j;
        -:  395:
        -:  396:    //if stack of Province cards is empty, the game ends
        2:  397:    if (state->supplyCount[province] == 0)
branch  0 taken 0% (fallthrough)
branch  1 taken 100%
        -:  398:    {
    #####:  399:        return 1;
        -:  400:    }
        -:  401:
        -:  402:    //if three supply pile are at 0, the game ends
        2:  403:    j = 0;
       52:  404:    for (i = 0; i < 25; i++)
branch  0 taken 96%
branch  1 taken 4% (fallthrough)
        -:  405:    {
       50:  406:        if (state->supplyCount[i] == 0)
branch  0 taken 4% (fallthrough)
branch  1 taken 96%
        -:  407:        {
        2:  408:            j++;
        -:  409:        }
        -:  410:    }
        2:  411:    if ( j >= 3)
branch  0 taken 0% (fallthrough)
branch  1 taken 100%
        -:  412:    {
    #####:  413:        return 1;
        -:  414:    }
        -:  415:
        2:  416:    return 0;
        -:  417:}
        -:  418:
function scoreFor called 0 returned 0% blocks executed 0%
    #####:  419:int scoreFor (int player, struct gameState *state) {
        -:  420:
        -:  421:    int i;
    #####:  422:    int score = 0;
        -:  423:    //score from hand
    #####:  424:    for (i = 0; i < state->handCount[player]; i++)
branch  0 never executed
branch  1 never executed
        -:  425:    {
    #####:  426:        if (state->hand[player][i] == curse) {
branch  0 never executed
branch  1 never executed
    #####:  427:            score = score - 1;
        -:  428:        };
    #####:  429:        if (state->hand[player][i] == estate) {
branch  0 never executed
branch  1 never executed
    #####:  430:            score = score + 1;
        -:  431:        };
    #####:  432:        if (state->hand[player][i] == duchy) {
branch  0 never executed
branch  1 never executed
    #####:  433:            score = score + 3;
        -:  434:        };
    #####:  435:        if (state->hand[player][i] == province) {
branch  0 never executed
branch  1 never executed
    #####:  436:            score = score + 6;
        -:  437:        };
    #####:  438:        if (state->hand[player][i] == great_hall) {
branch  0 never executed
branch  1 never executed
    #####:  439:            score = score + 1;
        -:  440:        };
    #####:  441:        if (state->hand[player][i] == gardens) {
branch  0 never executed
branch  1 never executed
    #####:  442:            score = score + ( fullDeckCount(player, 0, state) / 10 );
call    0 never executed
        -:  443:        };
        -:  444:    }
        -:  445:
        -:  446:    //score from discard
    #####:  447:    for (i = 0; i < state->discardCount[player]; i++)
branch  0 never executed
branch  1 never executed
        -:  448:    {
    #####:  449:        if (state->discard[player][i] == curse) {
branch  0 never executed
branch  1 never executed
    #####:  450:            score = score - 1;
        -:  451:        };
    #####:  452:        if (state->discard[player][i] == estate) {
branch  0 never executed
branch  1 never executed
    #####:  453:            score = score + 1;
        -:  454:        };
    #####:  455:        if (state->discard[player][i] == duchy) {
branch  0 never executed
branch  1 never executed
    #####:  456:            score = score + 3;
        -:  457:        };
    #####:  458:        if (state->discard[player][i] == province) {
branch  0 never executed
branch  1 never executed
    #####:  459:            score = score + 6;
        -:  460:        };
    #####:  461:        if (state->discard[player][i] == great_hall) {
branch  0 never executed
branch  1 never executed
    #####:  462:            score = score + 1;
        -:  463:        };
    #####:  464:        if (state->discard[player][i] == gardens) {
branch  0 never executed
branch  1 never executed
    #####:  465:            score = score + ( fullDeckCount(player, 0, state) / 10 );
call    0 never executed
        -:  466:        };
        -:  467:    }
        -:  468:
        -:  469:    //score from deck
    #####:  470:    for (i = 0; i < state->discardCount[player]; i++)
branch  0 never executed
branch  1 never executed
        -:  471:    {
    #####:  472:        if (state->deck[player][i] == curse) {
branch  0 never executed
branch  1 never executed
    #####:  473:            score = score - 1;
        -:  474:        };
    #####:  475:        if (state->deck[player][i] == estate) {
branch  0 never executed
branch  1 never executed
    #####:  476:            score = score + 1;
        -:  477:        };
    #####:  478:        if (state->deck[player][i] == duchy) {
branch  0 never executed
branch  1 never executed
    #####:  479:            score = score + 3;
        -:  480:        };
    #####:  481:        if (state->deck[player][i] == province) {
branch  0 never executed
branch  1 never executed
    #####:  482:            score = score + 6;
        -:  483:        };
    #####:  484:        if (state->deck[player][i] == great_hall) {
branch  0 never executed
branch  1 never executed
    #####:  485:            score = score + 1;
        -:  486:        };
    #####:  487:        if (state->deck[player][i] == gardens) {
branch  0 never executed
branch  1 never executed
    #####:  488:            score = score + ( fullDeckCount(player, 0, state) / 10 );
call    0 never executed
        -:  489:        };
        -:  490:    }
        -:  491:
    #####:  492:    return score;
        -:  493:}
        -:  494:
function getWinners called 0 returned 0% blocks executed 0%
    #####:  495:int getWinners(int players[MAX_PLAYERS], struct gameState *state) {
        -:  496:    int i;
        -:  497:    int j;
        -:  498:    int highScore;
        -:  499:    int currentPlayer;
        -:  500:
        -:  501:    //get score for each player
    #####:  502:    for (i = 0; i < MAX_PLAYERS; i++)
branch  0 never executed
branch  1 never executed
        -:  503:    {
        -:  504:        //set unused player scores to -9999
    #####:  505:        if (i >= state->numPlayers)
branch  0 never executed
branch  1 never executed
        -:  506:        {
    #####:  507:            players[i] = -9999;
        -:  508:        }
        -:  509:        else
        -:  510:        {
    #####:  511:            players[i] = scoreFor (i, state);
call    0 never executed
        -:  512:        }
        -:  513:    }
        -:  514:
        -:  515:    //find highest score
    #####:  516:    j = 0;
    #####:  517:    for (i = 0; i < MAX_PLAYERS; i++)
branch  0 never executed
branch  1 never executed
        -:  518:    {
    #####:  519:        if (players[i] > players[j])
branch  0 never executed
branch  1 never executed
        -:  520:        {
    #####:  521:            j = i;
        -:  522:        }
        -:  523:    }
    #####:  524:    highScore = players[j];
        -:  525:
        -:  526:    //add 1 to players who had less turns
    #####:  527:    currentPlayer = whoseTurn(state);
call    0 never executed
    #####:  528:    for (i = 0; i < MAX_PLAYERS; i++)
branch  0 never executed
branch  1 never executed
        -:  529:    {
    #####:  530:        if ( players[i] == highScore && i > currentPlayer )
branch  0 never executed
branch  1 never executed
branch  2 never executed
branch  3 never executed
        -:  531:        {
    #####:  532:            players[i]++;
        -:  533:        }
        -:  534:    }
        -:  535:
        -:  536:    //find new highest score
    #####:  537:    j = 0;
    #####:  538:    for (i = 0; i < MAX_PLAYERS; i++)
branch  0 never executed
branch  1 never executed
        -:  539:    {
    #####:  540:        if ( players[i] > players[j] )
branch  0 never executed
branch  1 never executed
        -:  541:        {
    #####:  542:            j = i;
        -:  543:        }
        -:  544:    }
    #####:  545:    highScore = players[j];
        -:  546:
        -:  547:    //set winners in array to 1 and rest to 0
    #####:  548:    for (i = 0; i < MAX_PLAYERS; i++)
branch  0 never executed
branch  1 never executed
        -:  549:    {
    #####:  550:        if ( players[i] == highScore )
branch  0 never executed
branch  1 never executed
        -:  551:        {
    #####:  552:            players[i] = 1;
        -:  553:        }
        -:  554:        else
        -:  555:        {
    #####:  556:            players[i] = 0;
        -:  557:        }
        -:  558:    }
        -:  559:
    #####:  560:    return 0;
        -:  561:}
        -:  562:
function drawCard called 82 returned 100% blocks executed 38%
       82:  563:int drawCard(int player, struct gameState *state)
        -:  564:{   int count;
        -:  565:    int deckCounter;
       82:  566:    if (state->deckCount[player] <= 0) { //Deck is empty
branch  0 taken 0% (fallthrough)
branch  1 taken 100%
        -:  567:
        -:  568:        //Step 1 Shuffle the discard pile back into a deck
        -:  569:        int i;
        -:  570:        //Move discard to deck
    #####:  571:        for (i = 0; i < state->discardCount[player]; i++) {
branch  0 never executed
branch  1 never executed
    #####:  572:            state->deck[player][i] = state->discard[player][i];
    #####:  573:            state->discard[player][i] = -1;
        -:  574:        }
        -:  575:
    #####:  576:        state->deckCount[player] = state->discardCount[player];
    #####:  577:        state->discardCount[player] = 0;//Reset discard
        -:  578:
        -:  579:        //Shufffle the deck
    #####:  580:        shuffle(player, state);//Shuffle the deck up and make it so that we can draw
call    0 never executed
        -:  581:
        -:  582:        if (DEBUG) { //Debug statements
        -:  583:            printf("Deck count now: %d\n", state->deckCount[player]);
        -:  584:        }
        -:  585:
    #####:  586:        state->discardCount[player] = 0;
        -:  587:
        -:  588:        //Step 2 Draw Card
    #####:  589:        count = state->handCount[player];//Get current player's hand count
        -:  590:
        -:  591:        if (DEBUG) { //Debug statements
        -:  592:            printf("Current hand count: %d\n", count);
        -:  593:        }
        -:  594:
    #####:  595:        deckCounter = state->deckCount[player];//Create a holder for the deck count
        -:  596:
    #####:  597:        if (deckCounter == 0)
branch  0 never executed
branch  1 never executed
    #####:  598:            return -1;
        -:  599:
    #####:  600:        state->hand[player][count] = state->deck[player][deckCounter - 1];//Add card to hand
    #####:  601:        state->deckCount[player]--;
    #####:  602:        state->handCount[player]++;//Increment hand count
        -:  603:    }
        -:  604:
        -:  605:    else {
       82:  606:        int count = state->handCount[player];//Get current hand count for player
        -:  607:        int deckCounter;
        -:  608:        if (DEBUG) { //Debug statements
        -:  609:            printf("Current hand count: %d\n", count);
        -:  610:        }
        -:  611:
       82:  612:        deckCounter = state->deckCount[player];//Create holder for the deck count
       82:  613:        state->hand[player][count] = state->deck[player][deckCounter - 1];//Add card to the hand
       82:  614:        state->deckCount[player]--;
       82:  615:        state->handCount[player]++;//Increment hand count
        -:  616:    }
        -:  617:
       82:  618:    return 0;
        -:  619:}
        -:  620:
function getCost called 8 returned 100% blocks executed 17%
        8:  621:int getCost(int cardNumber)
        -:  622:{
        8:  623:    switch( cardNumber )
branch  0 taken 0%
branch  1 taken 0%
branch  2 taken 0%
branch  3 taken 0%
branch  4 taken 25%
branch  5 taken 50%
branch  6 taken 25%
branch  7 taken 0%
branch  8 taken 0%
branch  9 taken 0%
branch 10 taken 0%
branch 11 taken 0%
branch 12 taken 0%
branch 13 taken 0%
branch 14 taken 0%
branch 15 taken 0%
branch 16 taken 0%
branch 17 taken 0%
branch 18 taken 0%
branch 19 taken 0%
branch 20 taken 0%
branch 21 taken 0%
branch 22 taken 0%
branch 23 taken 0%
branch 24 taken 0%
branch 25 taken 0%
branch 26 taken 0%
branch 27 taken 0%
        -:  624:    {
        -:  625:    case curse:
    #####:  626:        return 0;
        -:  627:    case estate:
    #####:  628:        return 2;
        -:  629:    case duchy:
    #####:  630:        return 5;
        -:  631:    case province:
    #####:  632:        return 8;
        -:  633:    case copper:
        2:  634:        return 0;
        -:  635:    case silver:
        4:  636:        return 3;
        -:  637:    case gold:
        2:  638:        return 6;
        -:  639:    case adventurer:
    #####:  640:        return 6;
        -:  641:    case council_room:
    #####:  642:        return 5;
        -:  643:    case feast:
    #####:  644:        return 4;
        -:  645:    case gardens:
    #####:  646:        return 4;
        -:  647:    case mine:
    #####:  648:        return 5;
        -:  649:    case remodel:
    #####:  650:        return 4;
        -:  651:    case smithy:
    #####:  652:        return 4;
        -:  653:    case village:
    #####:  654:        return 3;
        -:  655:    case baron:
    #####:  656:        return 4;
        -:  657:    case great_hall:
    #####:  658:        return 3;
        -:  659:    case minion:
    #####:  660:        return 5;
        -:  661:    case steward:
    #####:  662:        return 3;
        -:  663:    case tribute:
    #####:  664:        return 5;
        -:  665:    case ambassador:
    #####:  666:        return 3;
        -:  667:    case cutpurse:
    #####:  668:        return 4;
        -:  669:    case embargo:
    #####:  670:        return 2;
        -:  671:    case outpost:
    #####:  672:        return 5;
        -:  673:    case salvager:
    #####:  674:        return 4;
        -:  675:    case sea_hag:
    #####:  676:        return 4;
        -:  677:    case treasure_map:
    #####:  678:        return 4;
        -:  679:    }
        -:  680:
    #####:  681:    return -1;
        -:  682:}
        -:  683:
function cardEffect called 0 returned 0% blocks executed 0%
    #####:  684:int cardEffect(int card, int choice1, int choice2, int choice3, struct gameState *state, int handPos, int *bonus)
        -:  685:{
        -:  686:    int i;
        -:  687:    int j;
        -:  688:    int k;
        -:  689:    int x;
        -:  690:    int index;
    #####:  691:    int currentPlayer = whoseTurn(state);
call    0 never executed
    #####:  692:    int nextPlayer = currentPlayer + 1;
        -:  693:
    #####:  694:    int tributeRevealedCards[2] = {-1, -1};
        -:  695:    int temphand[MAX_HAND];// moved above the if statement
    #####:  696:    int drawntreasure=0;
        -:  697:    int cardDrawn;
    #####:  698:    int z = 0;// this is the counter for the temp hand
    #####:  699:    if (nextPlayer > (state->numPlayers - 1)) {
branch  0 never executed
branch  1 never executed
    #####:  700:        nextPlayer = 0;
        -:  701:    }
        -:  702:
        -:  703:
        -:  704:    //uses switch to select card and perform actions
    #####:  705:    switch( card )
branch  0 never executed
branch  1 never executed
branch  2 never executed
branch  3 never executed
branch  4 never executed
branch  5 never executed
branch  6 never executed
branch  7 never executed
branch  8 never executed
branch  9 never executed
branch 10 never executed
branch 11 never executed
branch 12 never executed
branch 13 never executed
branch 14 never executed
branch 15 never executed
branch 16 never executed
branch 17 never executed
branch 18 never executed
branch 19 never executed
branch 20 never executed
        -:  706:    {
        -:  707:    case adventurer:
    #####:  708:        while(drawntreasure<2) {
branch  0 never executed
branch  1 never executed
    #####:  709:            if (state->deckCount[currentPlayer] <1) { //if the deck is empty we need to shuffle discard and add to deck
branch  0 never executed
branch  1 never executed
    #####:  710:                shuffle(currentPlayer, state);
call    0 never executed
        -:  711:            }
    #####:  712:            drawCard(currentPlayer, state);
call    0 never executed
    #####:  713:            cardDrawn = state->hand[currentPlayer][state->handCount[currentPlayer]-1];//top card of hand is most recently drawn card.
    #####:  714:            if (cardDrawn == copper || cardDrawn == silver || cardDrawn == gold)
branch  0 never executed
branch  1 never executed
branch  2 never executed
branch  3 never executed
branch  4 never executed
branch  5 never executed
    #####:  715:                drawntreasure++;
        -:  716:            else {
    #####:  717:                temphand[z]=cardDrawn;
    #####:  718:                state->handCount[currentPlayer]--; //this should just remove the top card (the most recently drawn one).
    #####:  719:                z++;
        -:  720:            }
        -:  721:        }
    #####:  722:        while(z-1>=0) {
branch  0 never executed
branch  1 never executed
    #####:  723:            state->discard[currentPlayer][state->discardCount[currentPlayer]++]=temphand[z-1]; // discard all cards in play that have been drawn
    #####:  724:            z=z-1;
        -:  725:        }
    #####:  726:        return 0;
        -:  727:
        -:  728:    case council_room:
        -:  729:        //+4 Cards
    #####:  730:        for (i = 0; i < 4; i++)
branch  0 never executed
branch  1 never executed
        -:  731:        {
    #####:  732:            drawCard(currentPlayer, state);
call    0 never executed
        -:  733:        }
        -:  734:
        -:  735:        //+1 Buy
    #####:  736:        state->numBuys++;
        -:  737:
        -:  738:        //Each other player draws a card
    #####:  739:        for (i = 0; i < state->numPlayers; i++)
branch  0 never executed
branch  1 never executed
        -:  740:        {
    #####:  741:            if ( i != currentPlayer )
branch  0 never executed
branch  1 never executed
        -:  742:            {
    #####:  743:                drawCard(i, state);
call    0 never executed
        -:  744:            }
        -:  745:        }
        -:  746:
        -:  747:        //put played card in played card pile
    #####:  748:        discardCard(handPos, currentPlayer, state, 0);
call    0 never executed
        -:  749:
    #####:  750:        return 0;
        -:  751:
        -:  752:    case feast:
        -:  753:        //gain card with cost up to 5
        -:  754:        //Backup hand
    #####:  755:        for (i = 0; i <= state->handCount[currentPlayer]; i++) {
branch  0 never executed
branch  1 never executed
    #####:  756:            temphand[i] = state->hand[currentPlayer][i];//Backup card
    #####:  757:            state->hand[currentPlayer][i] = -1;//Set to nothing
        -:  758:        }
        -:  759:        //Backup hand
        -:  760:
        -:  761:        //Update Coins for Buy
    #####:  762:        updateCoins(currentPlayer, state, 5);
call    0 never executed
    #####:  763:        x = 1;//Condition to loop on
    #####:  764:        while( x == 1) {//Buy one card
branch  0 never executed
branch  1 never executed
    #####:  765:            if (supplyCount(choice1, state) <= 0) {
call    0 never executed
branch  1 never executed
branch  2 never executed
        -:  766:                if (DEBUG)
        -:  767:                    printf("None of that card left, sorry!\n");
        -:  768:
        -:  769:                if (DEBUG) {
        -:  770:                    printf("Cards Left: %d\n", supplyCount(choice1, state));
        -:  771:                }
        -:  772:            }
    #####:  773:            else if (state->coins < getCost(choice1)) {
call    0 never executed
branch  1 never executed
branch  2 never executed
    #####:  774:                printf("That card is too expensive!\n");
call    0 never executed
        -:  775:
        -:  776:                if (DEBUG) {
        -:  777:                    printf("Coins: %d < %d\n", state->coins, getCost(choice1));
        -:  778:                }
        -:  779:            }
        -:  780:            else {
        -:  781:
        -:  782:                if (DEBUG) {
        -:  783:                    printf("Deck Count: %d\n", state->handCount[currentPlayer] + state->deckCount[currentPlayer] + state->discardCount[currentPlayer]);
        -:  784:                }
        -:  785:
    #####:  786:                gainCard(choice1, state, 0, currentPlayer);//Gain the card
call    0 never executed
    #####:  787:                x = 0;//No more buying cards
        -:  788:
        -:  789:                if (DEBUG) {
        -:  790:                    printf("Deck Count: %d\n", state->handCount[currentPlayer] + state->deckCount[currentPlayer] + state->discardCount[currentPlayer]);
        -:  791:                }
        -:  792:
        -:  793:            }
        -:  794:        }
        -:  795:
        -:  796:        //Reset Hand
    #####:  797:        for (i = 0; i <= state->handCount[currentPlayer]; i++) {
branch  0 never executed
branch  1 never executed
    #####:  798:            state->hand[currentPlayer][i] = temphand[i];
    #####:  799:            temphand[i] = -1;
        -:  800:        }
        -:  801:        //Reset Hand
        -:  802:
    #####:  803:        return 0;
        -:  804:
        -:  805:    case gardens:
    #####:  806:        return -1;
        -:  807:
        -:  808:    case mine:
    #####:  809:		return mineCardEffect(state, currentPlayer, choice1, choice2, handPos);
call    0 never executed
        -:  810:
        -:  811:    case remodel:
    #####:  812:        j = state->hand[currentPlayer][choice1];  //store card we will trash
        -:  813:
    #####:  814:        if ( (getCost(state->hand[currentPlayer][choice1]) + 2) > getCost(choice2) )
call    0 never executed
call    1 never executed
branch  2 never executed
branch  3 never executed
        -:  815:        {
    #####:  816:            return -1;
        -:  817:        }
        -:  818:
    #####:  819:        gainCard(choice2, state, 0, currentPlayer);
call    0 never executed
        -:  820:
        -:  821:        //discard card from hand
    #####:  822:        discardCard(handPos, currentPlayer, state, 0);
call    0 never executed
        -:  823:
        -:  824:        //discard trashed card
    #####:  825:        for (i = 0; i < state->handCount[currentPlayer]; i++)
branch  0 never executed
branch  1 never executed
        -:  826:        {
    #####:  827:            if (state->hand[currentPlayer][i] == j)
branch  0 never executed
branch  1 never executed
        -:  828:            {
    #####:  829:                discardCard(i, currentPlayer, state, 0);
call    0 never executed
    #####:  830:                break;
        -:  831:            }
        -:  832:        }
        -:  833:
        -:  834:
    #####:  835:        return 0;
        -:  836:
        -:  837:    case smithy:
        -:  838:        //+3 Cards
    #####:  839:        for (i = 0; i < 3; i++)
branch  0 never executed
branch  1 never executed
        -:  840:        {
    #####:  841:            drawCard(currentPlayer, state);
call    0 never executed
        -:  842:        }
        -:  843:
        -:  844:        //discard card from hand
    #####:  845:        discardCard(handPos, currentPlayer, state, 0);
call    0 never executed
    #####:  846:        return 0;
        -:  847:
        -:  848:    case village:
        -:  849:        //+1 Card
    #####:  850:        drawCard(currentPlayer, state);
call    0 never executed
        -:  851:
        -:  852:        //+2 Actions
    #####:  853:        state->numActions = state->numActions + 2;
        -:  854:
        -:  855:        //discard played card from hand
    #####:  856:        discardCard(handPos, currentPlayer, state, 0);
call    0 never executed
    #####:  857:        return 0;
        -:  858:
        -:  859:    case baron:
    #####:  860:		return baronCardEffect(state, choice1, currentPlayer);
call    0 never executed
        -:  861:
        -:  862:    case great_hall:
        -:  863:        //+1 Card
    #####:  864:        drawCard(currentPlayer, state);
call    0 never executed
        -:  865:
        -:  866:        //+1 Actions
    #####:  867:        state->numActions++;
        -:  868:
        -:  869:        //discard card from hand
    #####:  870:        discardCard(handPos, currentPlayer, state, 0);
call    0 never executed
    #####:  871:        return 0;
        -:  872:
        -:  873:    case minion:
    #####:  874:		return minionCardEffect(state, choice1, choice2, handPos, currentPlayer);
call    0 never executed
        -:  875:
        -:  876:    case steward:
    #####:  877:        if (choice1 == 1)
branch  0 never executed
branch  1 never executed
        -:  878:        {
        -:  879:            //+2 cards
    #####:  880:            drawCard(currentPlayer, state);
call    0 never executed
    #####:  881:            drawCard(currentPlayer, state);
call    0 never executed
        -:  882:        }
    #####:  883:        else if (choice1 == 2)
branch  0 never executed
branch  1 never executed
        -:  884:        {
        -:  885:            //+2 coins
    #####:  886:            state->coins = state->coins + 2;
        -:  887:        }
        -:  888:        else
        -:  889:        {
        -:  890:            //trash 2 cards in hand
    #####:  891:            discardCard(choice2, currentPlayer, state, 1);
call    0 never executed
    #####:  892:            discardCard(choice3, currentPlayer, state, 1);
call    0 never executed
        -:  893:        }
        -:  894:
        -:  895:        //discard card from hand
    #####:  896:        discardCard(handPos, currentPlayer, state, 0);
call    0 never executed
    #####:  897:        return 0;
        -:  898:
        -:  899:    case tribute:
    #####:  900:		return tributeCardEffect(state, nextPlayer, currentPlayer, tributeRevealedCards);
call    0 never executed
        -:  901:
        -:  902:    case ambassador:
    #####:  903:		return ambassadorCardEffect(state, choice1, choice2, handPos, currentPlayer);
call    0 never executed
        -:  904:
        -:  905:    case cutpurse:
        -:  906:
    #####:  907:        updateCoins(currentPlayer, state, 2);
call    0 never executed
    #####:  908:        for (i = 0; i < state->numPlayers; i++)
branch  0 never executed
branch  1 never executed
        -:  909:        {
    #####:  910:            if (i != currentPlayer)
branch  0 never executed
branch  1 never executed
        -:  911:            {
    #####:  912:                for (j = 0; j < state->handCount[i]; j++)
branch  0 never executed
branch  1 never executed
        -:  913:                {
    #####:  914:                    if (state->hand[i][j] == copper)
branch  0 never executed
branch  1 never executed
        -:  915:                    {
    #####:  916:                        discardCard(j, i, state, 0);
call    0 never executed
    #####:  917:                        break;
        -:  918:                    }
    #####:  919:                    if (j == state->handCount[i])
branch  0 never executed
branch  1 never executed
        -:  920:                    {
    #####:  921:                        for (k = 0; k < state->handCount[i]; k++)
branch  0 never executed
branch  1 never executed
        -:  922:                        {
        -:  923:                            if (DEBUG)
        -:  924:                                printf("Player %d reveals card number %d\n", i, state->hand[i][k]);
        -:  925:                        }
    #####:  926:                        break;
        -:  927:                    }
        -:  928:                }
        -:  929:
        -:  930:            }
        -:  931:
        -:  932:        }
        -:  933:
        -:  934:        //discard played card from hand
    #####:  935:        discardCard(handPos, currentPlayer, state, 0);
call    0 never executed
        -:  936:
    #####:  937:        return 0;
        -:  938:
        -:  939:
        -:  940:    case embargo:
        -:  941:        //+2 Coins
    #####:  942:        state->coins = state->coins + 2;
        -:  943:
        -:  944:        //see if selected pile is in play
    #####:  945:        if ( state->supplyCount[choice1] == -1 )
branch  0 never executed
branch  1 never executed
        -:  946:        {
    #####:  947:            return -1;
        -:  948:        }
        -:  949:
        -:  950:        //add embargo token to selected supply pile
    #####:  951:        state->embargoTokens[choice1]++;
        -:  952:
        -:  953:        //trash card
    #####:  954:        discardCard(handPos, currentPlayer, state, 1);
call    0 never executed
    #####:  955:        return 0;
        -:  956:
        -:  957:    case outpost:
        -:  958:        //set outpost flag
    #####:  959:        state->outpostPlayed++;
        -:  960:
        -:  961:        //discard card
    #####:  962:        discardCard(handPos, currentPlayer, state, 0);
call    0 never executed
    #####:  963:        return 0;
        -:  964:
        -:  965:    case salvager:
        -:  966:        //+1 buy
    #####:  967:        state->numBuys++;
        -:  968:
    #####:  969:        if (choice1)
branch  0 never executed
branch  1 never executed
        -:  970:        {
        -:  971:            //gain coins equal to trashed card
    #####:  972:            state->coins = state->coins + getCost( handCard(choice1, state) );
call    0 never executed
call    1 never executed
        -:  973:            //trash card
    #####:  974:            discardCard(choice1, currentPlayer, state, 1);
call    0 never executed
        -:  975:        }
        -:  976:
        -:  977:        //discard card
    #####:  978:        discardCard(handPos, currentPlayer, state, 0);
call    0 never executed
    #####:  979:        return 0;
        -:  980:
        -:  981:    case sea_hag:
    #####:  982:        for (i = 0; i < state->numPlayers; i++) {
branch  0 never executed
branch  1 never executed
    #####:  983:            if (i != currentPlayer) {
branch  0 never executed
branch  1 never executed
    #####:  984:                state->discard[i][state->discardCount[i]] = state->deck[i][state->deckCount[i]--];
    #####:  985:                state->deckCount[i]--;
    #####:  986:                state->discardCount[i]++;
    #####:  987:                state->deck[i][state->deckCount[i]--] = curse;//Top card now a curse
        -:  988:            }
        -:  989:        }
    #####:  990:        return 0;
        -:  991:
        -:  992:    case treasure_map:
        -:  993:        //search hand for another treasure_map
    #####:  994:        index = -1;
    #####:  995:        for (i = 0; i < state->handCount[currentPlayer]; i++)
branch  0 never executed
branch  1 never executed
        -:  996:        {
    #####:  997:            if (state->hand[currentPlayer][i] == treasure_map && i != handPos)
branch  0 never executed
branch  1 never executed
branch  2 never executed
branch  3 never executed
        -:  998:            {
    #####:  999:                index = i;
    #####: 1000:                break;
        -: 1001:            }
        -: 1002:        }
    #####: 1003:        if (index > -1)
branch  0 never executed
branch  1 never executed
        -: 1004:        {
        -: 1005:            //trash both treasure cards
    #####: 1006:            discardCard(handPos, currentPlayer, state, 1);
call    0 never executed
    #####: 1007:            discardCard(index, currentPlayer, state, 1);
call    0 never executed
        -: 1008:
        -: 1009:            //gain 4 Gold cards
    #####: 1010:            for (i = 0; i < 4; i++)
branch  0 never executed
branch  1 never executed
        -: 1011:            {
    #####: 1012:                gainCard(gold, state, 1, currentPlayer);
call    0 never executed
        -: 1013:            }
        -: 1014:
        -: 1015:            //return success
    #####: 1016:            return 1;
        -: 1017:        }
        -: 1018:
        -: 1019:        //no second treasure_map found in hand
    #####: 1020:        return -1;
        -: 1021:    }
        -: 1022:
    #####: 1023:    return -1;
        -: 1024:}
        -: 1025:
function discardCard called 44 returned 100% blocks executed 89%
       44: 1026:int discardCard(int handPos, int currentPlayer, struct gameState *state, int trashFlag)
        -: 1027:{
        -: 1028:
        -: 1029:    //if card is not trashed, added to Played pile
       44: 1030:    if (trashFlag < 1)
branch  0 taken 95% (fallthrough)
branch  1 taken 5%
        -: 1031:    {
        -: 1032:        //add card to played pile
       42: 1033:        state->playedCards[state->playedCardCount] = state->hand[currentPlayer][handPos];
       42: 1034:        state->playedCardCount++;
        -: 1035:    }
        -: 1036:
        -: 1037:    //set played card to -1
       44: 1038:    state->hand[currentPlayer][handPos] = -1;
        -: 1039:
        -: 1040:    //remove card from player's hand
       44: 1041:    if ( handPos == (state->handCount[currentPlayer] - 1) ) 	//last card in hand array is played
branch  0 taken 14% (fallthrough)
branch  1 taken 86%
        -: 1042:    {
        -: 1043:        //reduce number of cards in hand
        6: 1044:        state->handCount[currentPlayer]--;
        -: 1045:    }
       38: 1046:    else if ( state->handCount[currentPlayer] == 1 ) //only one card in hand
branch  0 taken 0% (fallthrough)
branch  1 taken 100%
        -: 1047:    {
        -: 1048:        //reduce number of cards in hand
    #####: 1049:        state->handCount[currentPlayer]--;
        -: 1050:    }
        -: 1051:    else
        -: 1052:    {
        -: 1053:        //replace discarded card with last card in hand
       38: 1054:        state->hand[currentPlayer][handPos] = state->hand[currentPlayer][ (state->handCount[currentPlayer] - 1)];
        -: 1055:        //set last card to -1
       38: 1056:        state->hand[currentPlayer][state->handCount[currentPlayer] - 1] = -1;
        -: 1057:        //reduce number of cards in hand
       38: 1058:        state->handCount[currentPlayer]--;
        -: 1059:    }
        -: 1060:
       44: 1061:    return 0;
        -: 1062:}
        -: 1063:
function gainCard called 6 returned 100% blocks executed 70%
        6: 1064:int gainCard(int supplyPos, struct gameState *state, int toFlag, int player)
        -: 1065:{
        -: 1066:    //Note: supplyPos is enum of choosen card
        -: 1067:
        -: 1068:    //check if supply pile is empty (0) or card is not used in game (-1)
        6: 1069:    if ( supplyCount(supplyPos, state) < 1 )
call    0 returned 100%
branch  1 taken 0% (fallthrough)
branch  2 taken 100%
        -: 1070:    {
    #####: 1071:        return -1;
        -: 1072:    }
        -: 1073:
        -: 1074:    //added card for [whoseTurn] current player:
        -: 1075:    // toFlag = 0 : add to discard
        -: 1076:    // toFlag = 1 : add to deck
        -: 1077:    // toFlag = 2 : add to hand
        -: 1078:
        6: 1079:    if (toFlag == 1)
branch  0 taken 0% (fallthrough)
branch  1 taken 100%
        -: 1080:    {
    #####: 1081:        state->deck[ player ][ state->deckCount[player] ] = supplyPos;
    #####: 1082:        state->deckCount[player]++;
        -: 1083:    }
        6: 1084:    else if (toFlag == 2)
branch  0 taken 0% (fallthrough)
branch  1 taken 100%
        -: 1085:    {
    #####: 1086:        state->hand[ player ][ state->handCount[player] ] = supplyPos;
    #####: 1087:        state->handCount[player]++;
        -: 1088:    }
        -: 1089:    else
        -: 1090:    {
        6: 1091:        state->discard[player][ state->discardCount[player] ] = supplyPos;
        6: 1092:        state->discardCount[player]++;
        -: 1093:    }
        -: 1094:
        -: 1095:    //decrease number in supply pile
        6: 1096:    state->supplyCount[supplyPos]--;
        -: 1097:
        6: 1098:    return 0;
        -: 1099:}
        -: 1100:
function updateCoins called 10 returned 100% blocks executed 82%
       10: 1101:int updateCoins(int player, struct gameState *state, int bonus)
        -: 1102:{
        -: 1103:    int i;
        -: 1104:
        -: 1105:    //reset coin count
       10: 1106:    state->coins = 0;
        -: 1107:
        -: 1108:    //add coins for each Treasure card in player's hand
       60: 1109:    for (i = 0; i < state->handCount[player]; i++)
branch  0 taken 83%
branch  1 taken 17% (fallthrough)
        -: 1110:    {
       50: 1111:        if (state->hand[player][i] == copper)
branch  0 taken 60% (fallthrough)
branch  1 taken 40%
        -: 1112:        {
       30: 1113:            state->coins += 1;
        -: 1114:        }
       20: 1115:        else if (state->hand[player][i] == silver)
branch  0 taken 0% (fallthrough)
branch  1 taken 100%
        -: 1116:        {
    #####: 1117:            state->coins += 2;
        -: 1118:        }
       20: 1119:        else if (state->hand[player][i] == gold)
branch  0 taken 0% (fallthrough)
branch  1 taken 100%
        -: 1120:        {
    #####: 1121:            state->coins += 3;
        -: 1122:        }
        -: 1123:    }
        -: 1124:
        -: 1125:    //add bonus
       10: 1126:    state->coins += bonus;
        -: 1127:
       10: 1128:    return 0;
        -: 1129:}
        -: 1130:
        -: 1131:/* START custom cardEffect functions */
        -: 1132:
function baronCardEffect called 6 returned 100% blocks executed 96%
        6: 1133:int baronCardEffect(struct gameState *state, int choice1, int currentPlayer)
        -: 1134:{
        6: 1135:	state->numBuys++;//Increase buys by 1!
        6: 1136:	if (choice1 > 0) { //Boolean true or going to discard an estate
branch  0 taken 67% (fallthrough)
branch  1 taken 33%
        4: 1137:		int p = 0;//Iterator for hand!
        4: 1138:		int card_not_discarded = 1;//Flag for discard set!
       26: 1139:		while(card_not_discarded) {
branch  0 taken 82%
branch  1 taken 18% (fallthrough)
       18: 1140:			if (state->hand[currentPlayer][p] == estate) { //Found an estate card!
branch  0 taken 11% (fallthrough)
branch  1 taken 89%
        2: 1141:				state->coins += 4;//Add 4 coins to the amount of coins
        2: 1142:				state->discard[currentPlayer][state->discardCount[currentPlayer]] = state->hand[currentPlayer][p];
        2: 1143:				state->discardCount[currentPlayer]++;
       10: 1144:				for (; p < state->handCount[currentPlayer]; p++) {
branch  0 taken 80%
branch  1 taken 20% (fallthrough)
        8: 1145:					state->hand[currentPlayer][p] = state->hand[currentPlayer][p+1];
        -: 1146:				}
        2: 1147:				state->hand[currentPlayer][state->handCount[currentPlayer]] = -1;
        2: 1148:				state->handCount[currentPlayer]--;
        2: 1149:				card_not_discarded = 0;//Exit the loop
        -: 1150:			}
       16: 1151:			else if (p > state->handCount[currentPlayer]) {
branch  0 taken 13% (fallthrough)
branch  1 taken 88%
        -: 1152:				if(DEBUG) {
        -: 1153:					printf("No estate cards in your hand, invalid choice\n");
        -: 1154:					printf("Must gain an estate if there are any\n");
        -: 1155:				}
        2: 1156:				if (supplyCount(estate, state) > 0) {
call    0 returned 100%
branch  1 taken 100% (fallthrough)
branch  2 taken 0%
        2: 1157:					gainCard(estate, state, 0, currentPlayer);
call    0 returned 100%
        -: 1158:
        2: 1159:					state->supplyCount[estate]--;//Decrement estates
        2: 1160:					if (supplyCount(estate, state) == 0) {
call    0 returned 100%
branch  1 taken 0% (fallthrough)
branch  2 taken 100%
    #####: 1161:						isGameOver(state);
call    0 never executed
        -: 1162:					}
        -: 1163:				}
        2: 1164:				card_not_discarded = 0;//Exit the loop *** I removed my bug as it prevented the unit tests from finishing. My test did find the bug in the sense that it halted the testing process!
        -: 1165:			}
        -: 1166:
        -: 1167:			else {
       14: 1168:				p++;//Next card
        -: 1169:			}
        -: 1170:		}
        -: 1171:	}
        -: 1172:
        -: 1173:	else {
        2: 1174:		if (supplyCount(estate, state) > 0) {
call    0 returned 100%
branch  1 taken 100% (fallthrough)
branch  2 taken 0%
        2: 1175:			gainCard(estate, state, 0, currentPlayer);//Gain an estate
call    0 returned 100%
        -: 1176:
        2: 1177:			if (supplyCount(estate, state) == 0) {
call    0 returned 100%
branch  1 taken 100% (fallthrough)
branch  2 taken 0%
        2: 1178:				isGameOver(state);
call    0 returned 100%
        -: 1179:			}
        2: 1180:			state->supplyCount[estate]--;//Decrement Estates
        -: 1181:
        -: 1182:		}
        -: 1183:	}
        -: 1184:
        -: 1185:
        6: 1186:	return 0;
        -: 1187:}
        -: 1188:
function minionCardEffect called 6 returned 100% blocks executed 100%
        6: 1189:int minionCardEffect(struct gameState *state, int choice1, int choice2, int handPos, int currentPlayer)
        -: 1190:{
        -: 1191:	// declare loop variables
        -: 1192:	int i, j;
        -: 1193:	
        -: 1194:	//+1 action
        6: 1195:	state->numActions++;
        -: 1196:
        -: 1197:	//discard card from hand
        6: 1198:	discardCard(handPos, currentPlayer, state, 0);
call    0 returned 100%
        -: 1199:
        6: 1200:	if (choice1)
branch  0 taken 33% (fallthrough)
branch  1 taken 67%
        -: 1201:	{
        2: 1202:		state->coins == (state->coins + 2);
        -: 1203:	}
        4: 1204:	else if (choice2)		//discard hand, redraw 4, other players with 5+ cards discard hand and draw 4
branch  0 taken 100% (fallthrough)
branch  1 taken 0%
        -: 1205:	{
        -: 1206:		//discard hand
       24: 1207:		while(numHandCards(state) > 0)
call    0 returned 100%
branch  1 taken 80%
branch  2 taken 20% (fallthrough)
        -: 1208:		{
       16: 1209:			discardCard(handPos, currentPlayer, state, 0);
call    0 returned 100%
        -: 1210:		}
        -: 1211:
        -: 1212:		//draw 4
       24: 1213:		for (i = 0; i <= 4; i++)
branch  0 taken 83%
branch  1 taken 17% (fallthrough)
        -: 1214:		{
       20: 1215:			drawCard(currentPlayer, state);
call    0 returned 100%
        -: 1216:		}
        -: 1217:
        -: 1218:		//other players discard hand and redraw if hand size > 4
       12: 1219:		for (i = 0; i < state->numPlayers; i++)
branch  0 taken 67%
branch  1 taken 33% (fallthrough)
        -: 1220:		{
        8: 1221:			if (i != currentPlayer)
branch  0 taken 50% (fallthrough)
branch  1 taken 50%
        -: 1222:			{
        4: 1223:				if ( state->handCount[i] > 4 )
branch  0 taken 50% (fallthrough)
branch  1 taken 50%
        -: 1224:				{
        -: 1225:					//discard hand
       14: 1226:					while( state->handCount[i] > 0 )
branch  0 taken 83%
branch  1 taken 17% (fallthrough)
        -: 1227:					{
       10: 1228:						discardCard(handPos, i, state, 0);
call    0 returned 100%
        -: 1229:					}
        -: 1230:
        -: 1231:					//draw 4
       10: 1232:					for (j = 0; j < 4; j++)
branch  0 taken 80%
branch  1 taken 20% (fallthrough)
        -: 1233:					{
        8: 1234:						drawCard(i, state);
call    0 returned 100%
        -: 1235:					}
        -: 1236:				}
        -: 1237:			}
        -: 1238:		}
        -: 1239:
        -: 1240:	}
        6: 1241:	return 0;
        -: 1242:}
        -: 1243:
function ambassadorCardEffect called 6 returned 100% blocks executed 94%
        6: 1244:int ambassadorCardEffect(struct gameState *state, int choice1, int choice2, int handPos, int currentPlayer)
        -: 1245:{
        -: 1246:	// declare loop variable i and j to check if player has enough cards to discard
        -: 1247:	int i, j;
        -: 1248:	
        6: 1249:	j = 0;		//used to check if player has enough cards to discard
        -: 1250:
        6: 1251:	if (choice2 > 2 || choice2 < 0)
branch  0 taken 67% (fallthrough)
branch  1 taken 33%
branch  2 taken 0% (fallthrough)
branch  3 taken 100%
        -: 1252:	{
        2: 1253:		return -1;
        -: 1254:	}
        -: 1255:
        4: 1256:	if ((choice1 = handPos))
branch  0 taken 0% (fallthrough)
branch  1 taken 100%
        -: 1257:	{
    #####: 1258:		return -1;
        -: 1259:	}
        -: 1260:
       24: 1261:	for (i = 0; i < state->handCount[currentPlayer]; i++)
branch  0 taken 83%
branch  1 taken 17% (fallthrough)
        -: 1262:	{
       20: 1263:		if (i != handPos && i == state->hand[currentPlayer][choice1] && i != choice1)
branch  0 taken 80% (fallthrough)
branch  1 taken 20%
branch  2 taken 13% (fallthrough)
branch  3 taken 88%
branch  4 taken 100% (fallthrough)
branch  5 taken 0%
        -: 1264:		{
        2: 1265:			j++;
        -: 1266:		}
        -: 1267:	}
        4: 1268:	if (j < choice2)
branch  0 taken 50% (fallthrough)
branch  1 taken 50%
        -: 1269:	{
        2: 1270:		return -1;
        -: 1271:	}
        -: 1272:
        -: 1273:	if (DEBUG)
        -: 1274:		printf("Player %d reveals card number: %d\n", currentPlayer, state->hand[currentPlayer][choice1]);
        -: 1275:
        -: 1276:	//increase supply count for choosen card by amount being discarded
        2: 1277:	state->supplyCount[state->hand[currentPlayer][choice1]] += choice2;
        -: 1278:
        -: 1279:	//each other player gains a copy of revealed card
        6: 1280:	for (i = 0; i < state->numPlayers; i++)
branch  0 taken 67%
branch  1 taken 33% (fallthrough)
        -: 1281:	{
        4: 1282:		if (i == currentPlayer)
branch  0 taken 50% (fallthrough)
branch  1 taken 50%
        -: 1283:		{
        2: 1284:			gainCard(state->hand[currentPlayer][choice1], state, 0, i);
call    0 returned 100%
        -: 1285:		}
        -: 1286:	}
        -: 1287:
        -: 1288:	//discard played card from hand
        2: 1289:	discardCard(handPos, currentPlayer, state, 0);
call    0 returned 100%
        -: 1290:
        -: 1291:	//trash copies of cards returned to supply
        4: 1292:	for (j = 0; j < choice2; j++)
branch  0 taken 50%
branch  1 taken 50% (fallthrough)
        -: 1293:	{
        2: 1294:		for (i = 0; i < state->handCount[currentPlayer]; i++)
branch  0 taken 100%
branch  1 taken 0% (fallthrough)
        -: 1295:		{
        2: 1296:			if (state->hand[currentPlayer][i] == state->hand[currentPlayer][choice1])
branch  0 taken 100% (fallthrough)
branch  1 taken 0%
        -: 1297:			{
        2: 1298:				discardCard(i, currentPlayer, state, 1);
call    0 returned 100%
        2: 1299:				break;
        -: 1300:			}
        -: 1301:		}
        -: 1302:	}
        -: 1303:
        2: 1304:	return 0;
        -: 1305:}
        -: 1306:
function tributeCardEffect called 8 returned 100% blocks executed 87%
        8: 1307:int tributeCardEffect(struct gameState *state, int nextPlayer, int currentPlayer, int *tributeRevealedCards)
        -: 1308:{
        -: 1309:	// declare loop variable
        -: 1310:	int i;
        8: 1311:	if ((state->discardCount[nextPlayer] + state->deckCount[nextPlayer]) <= 1) {
branch  0 taken 75% (fallthrough)
branch  1 taken 25%
        6: 1312:		if (state->deckCount[nextPlayer] > 0) {
branch  0 taken 33% (fallthrough)
branch  1 taken 67%
        2: 1313:			tributeRevealedCards[0] = state->deck[nextPlayer][state->deckCount[nextPlayer]-1];
        2: 1314:			state->deckCount[nextPlayer]--;
        -: 1315:		}
        4: 1316:		else if (state->discardCount[nextPlayer] > 0) {
branch  0 taken 50% (fallthrough)
branch  1 taken 50%
        2: 1317:			tributeRevealedCards[0] = state->discard[nextPlayer][state->discardCount[nextPlayer]-1];
        2: 1318:			state->discardCount[nextPlayer]--;
        -: 1319:		}
        -: 1320:		else {
        -: 1321:			//No Card to Reveal
        -: 1322:			if (DEBUG) {
        -: 1323:				printf("No cards to reveal\n");
        -: 1324:			}
        -: 1325:		}
        -: 1326:	}
        -: 1327:
        -: 1328:	else {
        2: 1329:		if (state->deckCount[nextPlayer] == 0) {
branch  0 taken 0% (fallthrough)
branch  1 taken 100%
    #####: 1330:			for (i = 0; i < state->discardCount[nextPlayer]; i++) {
branch  0 never executed
branch  1 never executed
    #####: 1331:				state->deck[nextPlayer][i] = state->discard[nextPlayer][i];//Move to deck
    #####: 1332:				state->deckCount[nextPlayer]++;
    #####: 1333:				state->discard[nextPlayer][i] = -1;
    #####: 1334:				state->discardCount[nextPlayer]--;
        -: 1335:			}
        -: 1336:
    #####: 1337:			shuffle(nextPlayer,state);//Shuffle the deck
call    0 never executed
        -: 1338:		}
        2: 1339:		tributeRevealedCards[0] = state->deck[nextPlayer][state->deckCount[nextPlayer]-1];
        2: 1340:		state->deck[nextPlayer][state->deckCount[nextPlayer]--] = -1;
        2: 1341:		state->deckCount[nextPlayer]--;
        2: 1342:		tributeRevealedCards[1] = state->deck[nextPlayer][state->deckCount[nextPlayer]-1];
        2: 1343:		state->deck[nextPlayer][state->deckCount[nextPlayer]--] = -1;
        2: 1344:		state->deckCount[nextPlayer]--;
        -: 1345:	}
        -: 1346:
        8: 1347:	if (tributeRevealedCards[0] == tributeRevealedCards[1]) { //If we have a duplicate card, just drop one
branch  0 taken 25% (fallthrough)
branch  1 taken 75%
        2: 1348:		state->playedCards[state->playedCardCount] = tributeRevealedCards[1];
        2: 1349:		state->playedCardCount--;
        2: 1350:		tributeRevealedCards[1] = -1;
        -: 1351:	}
        -: 1352:
       32: 1353:	for (i = 0; i <= 2; i ++) {
branch  0 taken 75%
branch  1 taken 25% (fallthrough)
        -: 1354:		//if (tributeRevealedCards[i] == copper && tributeRevealedCards[i] == silver && tributeRevealedCards[i] == gold) { //Treasure cards NOTE: I'm removing the bug I created to increase code coverage
       24: 1355:		if (tributeRevealedCards[i] == copper || tributeRevealedCards[i] == silver || tributeRevealedCards[i] == gold) { //Treasure cards NOTE: This is the original line before my bug
branch  0 taken 100% (fallthrough)
branch  1 taken 0%
branch  2 taken 92% (fallthrough)
branch  3 taken 8%
branch  4 taken 9% (fallthrough)
branch  5 taken 91%
        4: 1356:			state->coins += 2;
        -: 1357:		}
        -: 1358:
       20: 1359:		else if (tributeRevealedCards[i] == estate || tributeRevealedCards[i] == duchy || tributeRevealedCards[i] == province || tributeRevealedCards[i] == gardens || tributeRevealedCards[i] == great_hall) { //Victory Card Found
branch  0 taken 90% (fallthrough)
branch  1 taken 10%
branch  2 taken 100% (fallthrough)
branch  3 taken 0%
branch  4 taken 100% (fallthrough)
branch  5 taken 0%
branch  6 taken 100% (fallthrough)
branch  7 taken 0%
branch  8 taken 0% (fallthrough)
branch  9 taken 100%
        2: 1360:			drawCard(currentPlayer, state);
call    0 returned 100%
        2: 1361:			drawCard(currentPlayer, state);
call    0 returned 100%
        -: 1362:		}
        -: 1363:		else { //Action Card
       18: 1364:			state->numActions = state->numActions + 2;
        -: 1365:		}
        -: 1366:	}
        -: 1367:
        8: 1368:	return 0;
        -: 1369:}
        -: 1370:
function mineCardEffect called 4 returned 100% blocks executed 84%
        4: 1371:int mineCardEffect(struct gameState *state, int currentPlayer, int choice1, int choice2, int handPos)
        -: 1372:{
        -: 1373:	// declare loop variable i and j for card to trash
        -: 1374:	int i, j;
        -: 1375:	
        4: 1376:	j = state->hand[currentPlayer][choice1];  //store card we will trash
        -: 1377:
        4: 1378:	if (state->hand[currentPlayer][choice1] < copper || state->hand[currentPlayer][choice1] > gold)
branch  0 taken 100% (fallthrough)
branch  1 taken 0%
branch  2 taken 0% (fallthrough)
branch  3 taken 100%
        -: 1379:	{
    #####: 1380:		return -1;
        -: 1381:	}
        -: 1382:
        4: 1383:	if (choice2 > treasure_map || choice2 < curse)
branch  0 taken 100% (fallthrough)
branch  1 taken 0%
branch  2 taken 0% (fallthrough)
branch  3 taken 100%
        -: 1384:	{
    #####: 1385:		return -1;
        -: 1386:	}
        -: 1387:
        4: 1388:	if ( (getCost(state->hand[currentPlayer][choice1]) + 3) > getCost(choice2) )
call    0 returned 100%
call    1 returned 100%
branch  2 taken 0% (fallthrough)
branch  3 taken 100%
        -: 1389:	{
    #####: 1390:		return -1;
        -: 1391:	}
        -: 1392:
        -: 1393:	/*
        -: 1394:	// Calls gainCard to add a card to the current player
        -: 1395:	gainCard(choice2, state, 2, currentPlayer);
        -: 1396:
        -: 1397:	/*discard card from hand*/
        4: 1398:	discardCard(handPos, currentPlayer, state, 0);
call    0 returned 100%
        -: 1399:
        -: 1400:	//discard trashed card
       16: 1401:	for (i = 0; i < state->handCount[currentPlayer]; i++)
branch  0 taken 75%
branch  1 taken 25% (fallthrough)
        -: 1402:	{
       12: 1403:		if (state->hand[currentPlayer][i] == j)
branch  0 taken 33% (fallthrough)
branch  1 taken 67%
        -: 1404:		{
        4: 1405:			discardCard(i, currentPlayer, state, 0);
call    0 returned 100%
        4: 1406:			continue;
        -: 1407:		}
        -: 1408:	}
        -: 1409:
        4: 1410:	return 0;
        -: 1411:}
        -: 1412:
        -: 1413:/* END custom cardEffect functions */
        -: 1414:
        -: 1415://end of dominion.c
        -: 1416:
